<?xml version="1.0" encoding="UTF-8"?>
<testng-results ignored="0" total="1" passed="1" failed="0" skipped="0">
  <reporter-output>
  </reporter-output>
  <suite started-at="2022-01-18T15:43:13 IST" name="Default suite" finished-at="2022-01-18T15:43:19 IST" duration-ms="5460">
    <groups>
    </groups>
    <test started-at="2022-01-18T15:43:13 IST" name="Default test" finished-at="2022-01-18T15:43:19 IST" duration-ms="5460">
      <class name="test.XMLSchemaValidation">
        <test-method signature="schemaValidation()[pri:0, instance:test.XMLSchemaValidation@67c33749]" started-at="2022-01-18T15:43:13 IST" name="schemaValidation" finished-at="2022-01-18T15:43:19 IST" duration-ms="5406" status="PASS">
          <reporter-output>
          </reporter-output>
        </test-method> <!-- schemaValidation -->
      </class> <!-- test.XMLSchemaValidation -->
    </test> <!-- Default test -->
  </suite> <!-- Default suite -->
</testng-results>
